Change log
===============================

Beta 1.08
- Added shift anchors by angle tool.
- file chooser will not restore current path when last file is missing.
- Fixed a problem that it always use SMX format when save editing file instantly.
- For newer DE version, change extension names to lower letters.
- Changed normal pixel range from 128-254 to 192-254 now, while shadow 0-191.
- If SLP mode, generating outline will contain shadow.

Beta 1.07
- Less probability of out of memory error occured when rendering large sprite files.
- Fixed an error when saving a frame of only one pixel width.
- CNC Plugin can load some different coded frames.
- Interpolation frames by angle count and convert player color to normal.
- Fixed an error when scaling some frames.
- Drag and drop files can be recorded in recent files now.

Beta 1.06
- Fixed one bug that only extension name of all capital letters can save as SLP files.
- Fixed one bug that filters can't work on SLP mode.
- Fixed bugs of not keeping image import/export directory.
- Saved format determined by selected format, instead of expanision name.
- Better distinguishing main image and shadow.
- Added editing sprite's memo.
- You can export selected frames only now.
- Better code for filter functions.

Beta 1.05
- Recent files are listed now.
- Added complete/remove mirrored angles and adjust angles sequence functions.
- Custom animation speed and anchor size.
- No scale to negative now.

Beta 1.04
- Adjustment to frames on brightness, contrast, hue, saturation and value.
- Load AOE:DE SLP sprite files.
- Fixed one problem that when exported images, player color was always blue.
- Plug-in for developers.
- Plug-in function: load and save Command & Conqueror SHP files.
- Some hot keys.

Beta 1.03
- Fixed unexpected bugs on generating outline.
- Fixed one bug when convert from SMX to SLP, all shadow will be lost.
- Empty frame data won't be ignored in cropping anymore.
- Shift frames is available now.
- Added selectable interpolation for scaling.
- When exporting image files, the only one strip file will not contain index in its name.
- Drag and drop can import image files now.

Beta 1.02
- Improved parameters in import from image files.
- Added export to image file function.
- Outline and smudge data in import and export functions.
- Import/export csv file for anchors.
- Adding outline is available.
- Support normal and player palettes for AOE version.
- External language files are packaged now.
- Less fatal exceptions, which contributes the process locked.

Beta 1.01
- Read smudge data from SMX file.
- Fixed algorithm of a property in saved SMX files.
- Fixed issues in anchor setting.
- Use asynchronized method to make lags less in loading image.
- Language select, inluding English and Simplified Chinese.
- Custom background color, though can only by editing configureation file.
- Move shadow convert from Edit to Tools.
- About me.

Beta 1.0
- Save file instantly.
- Import as shadow only or distinct by alpha channel.
- Flip, rotate and scale frames.
- Convert gradient shadow to dithered.
- Show frame indices on list.
- Zoom by mouse wheel.
- Better interior logic when create a frame.

Alpha 1.0